{
  message: 'POST /api/users/book/69153901773f50bb4a468827 400 - 34ms',
  level: 'info',
  timestamp: '2025-11-13 09:17:47'
}
{
  message: 'POST /api/users/book/69153901773f50bb4a46882 500 - 7ms',
  level: 'info',
  timestamp: '2025-11-13 09:18:01'
}
{
  message: 'POST /api/users/book/69153901773f50bb4a468829 404 - 8ms',
  level: 'info',
  timestamp: '2025-11-13 09:18:17'
}
{
  message: 'GET /api/users/book/69153901773f50bb4a468829 404 - 1ms',
  level: 'info',
  timestamp: '2025-11-13 09:18:28'
}
{
  message: 'GET /api/users/profile 200 - 7ms',
  level: 'info',
  timestamp: '2025-11-13 09:19:02'
}
{
  message: 'GET /api/users/profile 500 - 5ms',
  level: 'info',
  timestamp: '2025-11-13 09:19:16'
}
{
  message: 'GET /api/users/profile 200 - 5ms',
  level: 'info',
  timestamp: '2025-11-13 09:19:24'
}
{
  message: 'POST /api/classes/ 201 - 35ms',
  level: 'info',
  timestamp: '2025-11-13 19:18:56'
}
{
  message: 'POST /api/classes/ 201 - 15ms',
  level: 'info',
  timestamp: '2025-11-13 19:19:01'
}
{
  message: 'POST /api/classes/ 201 - 12ms',
  level: 'info',
  timestamp: '2025-11-13 19:19:06'
}
{
  message: 'POST /api/classes/ 201 - 13ms',
  level: 'info',
  timestamp: '2025-11-13 19:19:13'
}
{
  message: 'POST /api/classes/ 201 - 14ms',
  level: 'info',
  timestamp: '2025-11-13 19:19:17'
}
{
  message: 'POST /api/classes/ 201 - 9ms',
  level: 'info',
  timestamp: '2025-11-13 19:19:21'
}
{
  message: 'POST /api/classes/ 201 - 11ms',
  level: 'info',
  timestamp: '2025-11-13 19:19:26'
}
{
  message: 'GET /api/classes?page=1&limit=5 500 - 31ms',
  level: 'info',
  timestamp: '2025-11-13 19:20:46'
}
{
  message: 'GET /api/classes?page=1&limit=5 500 - 21ms',
  level: 'info',
  timestamp: '2025-11-13 19:21:16'
}
{
  message: 'GET /api/classes?page=1&limit=5 200 - 31ms',
  level: 'info',
  timestamp: '2025-11-13 19:21:42'
}
{
  message: 'GET /api/classes?page=2&limit=5 200 - 36ms',
  level: 'info',
  timestamp: '2025-11-13 19:23:08'
}
{
  message: 'GET /api/classes?page=3&limit=5 200 - 10ms',
  level: 'info',
  timestamp: '2025-11-13 19:23:38'
}
{
  message: 'GET /api/classes?page=2&limit=5 200 - 8ms',
  level: 'info',
  timestamp: '2025-11-13 19:23:49'
}
{
  message: 'GET /api/classes?page=2&limit=3 200 - 9ms',
  level: 'info',
  timestamp: '2025-11-13 19:27:50'
}
{
  message: 'GET /api/classes?page=2&limit=3 200 - 39ms',
  level: 'info',
  timestamp: '2025-11-13 19:31:17'
}
{
  message: 'GET /api/classes?page=2&limit=3 200 - 42ms',
  level: 'info',
  timestamp: '2025-11-13 19:31:38'
}
{
  message: 'GET /api/classes?page=2&limit=4 200 - 18ms',
  level: 'info',
  timestamp: '2025-11-13 19:32:27'
}
{
  message: 'GET /api/classes?page=2&limit=4 200 - 40ms',
  level: 'info',
  timestamp: '2025-11-13 20:05:32'
}
{
  message: 'GET /api/classes?page=2&limit=5 200 - 10ms',
  level: 'info',
  timestamp: '2025-11-13 20:05:40'
}
{
  message: 'GET /api/classes?page=2&limit=5 200 - 22ms',
  level: 'info',
  timestamp: '2025-11-13 20:07:09'
}
{
  message: 'GET /api/classes?page=2&limit=5 200 - 21ms',
  level: 'info',
  timestamp: '2025-11-13 20:07:50'
}
{
  message: 'GET /api/classes?page=2&limit=5 200 - 10ms',
  level: 'info',
  timestamp: '2025-11-13 20:07:51'
}
{
  message: 'GET /api/classes?page=2&limit=5 200 - 9ms',
  level: 'info',
  timestamp: '2025-11-13 20:07:52'
}
{
  message: 'GET /api/classes?page=2&limit=5 200 - 30ms',
  level: 'info',
  timestamp: '2025-11-13 20:09:41'
}
{
  message: 'GET /api/classes?page=2&limit=5 200 - 22ms',
  level: 'info',
  timestamp: '2025-11-13 20:09:51'
}
{
  message: 'GET /api/auth/me 404 - 8ms',
  level: 'info',
  timestamp: '2025-11-13 20:11:56'
}
{
  message: 'GET /api/users/me 404 - 1ms',
  level: 'info',
  timestamp: '2025-11-13 20:12:15'
}
{
  message: 'GET /api/users/profile 403 - 26ms',
  level: 'info',
  timestamp: '2025-11-13 20:12:43'
}
{
  message: 'GET /api/users/profile 200 - 7ms',
  level: 'info',
  timestamp: '2025-11-13 20:13:12'
}
{
  message: 'GET /api/users/profile 200 - 32ms',
  level: 'info',
  timestamp: '2025-11-13 20:13:44'
}
{
  message: 'GET /api/users/profile 200 - 9ms',
  level: 'info',
  timestamp: '2025-11-13 20:13:46'
}
{
  message: 'GET /api/users/profile 200 - 6ms',
  level: 'info',
  timestamp: '2025-11-13 20:13:46'
}
{
  message: 'GET /api/users/profile 200 - 5ms',
  level: 'info',
  timestamp: '2025-11-13 20:13:46'
}
{
  message: 'GET /api/users/profile 200 - 8ms',
  level: 'info',
  timestamp: '2025-11-13 20:13:47'
}
{
  message: 'GET /api/users/profile 200 - 6ms',
  level: 'info',
  timestamp: '2025-11-13 20:13:47'
}
{
  message: 'POST /api/classes/ 400 - 34ms',
  level: 'info',
  timestamp: '2025-11-24 22:30:39'
}
{
  message: 'POST /api/classes/ 201 - 24ms',
  level: 'info',
  timestamp: '2025-11-24 22:30:49'
}
{
  message: 'POST /api/auth/register 201 - 99ms',
  level: 'info',
  timestamp: '2025-11-24 22:32:08'
}
{
  message: 'POST /api/auth/register 400 - 5ms',
  level: 'info',
  timestamp: '2025-11-24 22:34:29'
}
{
  message: 'POST /api/auth/register 400 - 6ms',
  level: 'info',
  timestamp: '2025-11-24 22:35:10'
}
{
  message: 'POST /api/auth/register 400 - 4ms',
  level: 'info',
  timestamp: '2025-11-24 22:35:11'
}
{
  message: 'POST /api/classes/6924799a7cf74f935964f88c 404 - 3ms',
  level: 'info',
  timestamp: '2025-11-24 22:35:56'
}
{
  message: 'POST /api/classes/book/6924799a7cf74f935964f88c 404 - 1ms',
  level: 'info',
  timestamp: '2025-11-24 22:36:51'
}
{
  message: 'POST /api/users/book/6924799a7cf74f935964f88c 403 - 8ms',
  level: 'info',
  timestamp: '2025-11-24 22:37:15'
}
{
  message: 'POST /api/auth/login 202 - 85ms',
  level: 'info',
  timestamp: '2025-11-24 22:37:54'
}
{
  message: 'POST /api/users/book/6924799a7cf74f935964f88c 201 - 10ms',
  level: 'info',
  timestamp: '2025-11-24 22:38:14'
}
{
  message: 'POST /api/users/book/6924799a7cf74f935964f88c 201 - 32ms',
  level: 'info',
  timestamp: '2025-11-24 22:40:00'
}
{
  message: 'POST /api/users/book/6924799a7cf74f935964f88c 400 - 36ms',
  level: 'info',
  timestamp: '2025-11-24 22:41:25'
}
{
  message: 'POST /api/users/book/6924799a7cf74f935964f88c 201 - 23ms',
  level: 'info',
  timestamp: '2025-11-24 22:42:24'
}
{
  message: 'POST /api/users/book/6924799a7cf74f935964f88c 400 - 57ms',
  level: 'info',
  timestamp: '2025-11-24 22:42:55'
}
{
  message: 'POST /api/users/book/6924799a7cf74f935964f88c 500 - 24ms',
  level: 'info',
  timestamp: '2025-11-25 05:41:47'
}
{
  message: 'POST /api/users/book/6924799a7cf74f935964f88c 500 - 33ms',
  level: 'info',
  timestamp: '2025-11-25 05:42:47'
}
{
  message: 'POST /api/users/book/6924799a7cf74f935964f88c 500 - 30ms',
  level: 'info',
  timestamp: '2025-11-25 05:45:35'
}
{
  message: 'POST /api/users/book/6924799a7cf74f935964f88c 400 - 50ms',
  level: 'info',
  timestamp: '2025-11-25 05:47:32'
}
{
  message: 'POST /api/users/book/6924799a7cf74f935964f88c 400 - 38ms',
  level: 'info',
  timestamp: '2025-11-25 05:50:24'
}
{
  message: 'POST /api/users/book/6924799a7cf74f935964f88c 400 - 47ms',
  level: 'info',
  timestamp: '2025-11-25 05:51:36'
}
{
  message: 'POST /api/users/book/6924799a7cf74f935964f88c 400 - 33ms',
  level: 'info',
  timestamp: '2025-11-25 05:57:19'
}
{
  message: 'POST /api/users/book/6924799a7cf74f935964f88c 400 - 21ms',
  level: 'info',
  timestamp: '2025-11-25 05:59:57'
}
{
  message: 'POST /api/users/book/6924799a7cf74f935964f88c 400 - 41ms',
  level: 'info',
  timestamp: '2025-11-25 06:00:37'
}
{
  message: 'POST /api/users/book/6924799a7cf74f935964f88c 400 - 41ms',
  level: 'info',
  timestamp: '2025-11-25 06:01:14'
}
{
  message: 'POST /api/users/book/6924799a7cf74f935964f88c 400 - 44ms',
  level: 'info',
  timestamp: '2025-11-25 06:06:40'
}
{
  message: 'POST /api/users/book/6924799a7cf74f935964f88c 400 - 19ms',
  level: 'info',
  timestamp: '2025-11-25 06:06:41'
}
{
  message: 'POST /api/users/book/6924799a7cf74f935964f88c 400 - 7ms',
  level: 'info',
  timestamp: '2025-11-25 06:06:41'
}
{
  message: 'POST /api/users/book/6924799a7cf74f935964f88c 400 - 45ms',
  level: 'info',
  timestamp: '2025-11-25 06:17:45'
}
{
  message: 'POST /api/users/book/6924799a7cf74f935964f88c 400 - 27ms',
  level: 'info',
  timestamp: '2025-11-25 06:18:08'
}
{
  message: 'POST /api/users/book/6924799a7cf74f935964f88c 400 - 43ms',
  level: 'info',
  timestamp: '2025-11-25 06:19:31'
}
{
  message: 'DELETE /api/users/book/6924799a7cf74f935964f88c 200 - 39ms',
  level: 'info',
  timestamp: '2025-11-25 06:20:25'
}
{
  message: 'POST /api/users/book/6924799a7cf74f935964f88c 201 - 20ms',
  level: 'info',
  timestamp: '2025-11-25 06:20:40'
}
{
  message: 'POST /api/users/profile 404 - 3ms',
  level: 'info',
  timestamp: '2025-11-25 06:25:24'
}
{
  message: 'GET /api/users/profile 200 - 10ms',
  level: 'info',
  timestamp: '2025-11-25 06:25:40'
}
{
  message: 'GET /api/users/classes 202 - 8ms',
  level: 'info',
  timestamp: '2025-11-25 06:26:14'
}
{
  message: 'POST /api/classes/ 400 - 56ms',
  level: 'info',
  timestamp: '2025-11-25 11:00:25'
}
{
  message: 'POST /api/classes/ 500 - 8ms',
  level: 'info',
  timestamp: '2025-11-25 11:00:48'
}
{
  message: 'POST /api/classes/ 500 - 18ms',
  level: 'info',
  timestamp: '2025-11-25 11:02:22'
}
{
  message: 'POST /api/classes/ 500 - 17ms',
  level: 'info',
  timestamp: '2025-11-25 11:05:20'
}
{
  message: 'POST /api/auth/login 202 - 104ms',
  level: 'info',
  timestamp: '2025-11-25 11:07:30'
}
{
  message: 'POST /api/classes/ 500 - 17ms',
  level: 'info',
  timestamp: '2025-11-25 11:07:36'
}
{
  message: 'POST /api/classes/ 500 - 16ms',
  level: 'info',
  timestamp: '2025-11-25 11:09:23'
}
{
  message: 'POST /api/classes/ 500 - 20ms',
  level: 'info',
  timestamp: '2025-11-25 11:10:32'
}
{
  message: 'POST /api/classes/ 500 - 25ms',
  level: 'info',
  timestamp: '2025-11-25 11:11:29'
}
{
  message: 'POST /api/classes/ 500 - 23ms',
  level: 'info',
  timestamp: '2025-11-25 11:12:21'
}
{
  message: 'POST /api/classes/ 500 - 21ms',
  level: 'info',
  timestamp: '2025-11-25 11:13:31'
}
{
  message: 'POST /api/classes/ 500 - 33ms',
  level: 'info',
  timestamp: '2025-11-25 11:23:01'
}
{
  message: 'POST /api/classes/ 500 - 6ms',
  level: 'info',
  timestamp: '2025-11-25 11:59:22'
}
{
  message: 'POST /api/classes/ 500 - 9ms',
  level: 'info',
  timestamp: '2025-11-25 11:59:23'
}
{
  message: 'POST /api/classes/ 400 - 31ms',
  level: 'info',
  timestamp: '2025-11-25 11:59:57'
}
{
  message: 'POST /api/classes/ 400 - 10ms',
  level: 'info',
  timestamp: '2025-11-25 12:00:01'
}
{
  message: 'POST /api/classes/ 400 - 31ms',
  level: 'info',
  timestamp: '2025-11-25 12:01:07'
}
{
  message: 'POST /api/classes/ 400 - 25ms',
  level: 'info',
  timestamp: '2025-11-25 12:05:32'
}
{
  message: 'POST /api/classes/ 400 - 24ms',
  level: 'info',
  timestamp: '2025-11-25 12:06:31'
}
{
  message: 'POST /api/classes/ 400 - 19ms',
  level: 'info',
  timestamp: '2025-11-25 12:09:01'
}
{
  message: 'POST /api/classes/ 400 - 9ms',
  level: 'info',
  timestamp: '2025-11-25 12:09:02'
}
{
  message: 'POST /api/classes/ 400 - 23ms',
  level: 'info',
  timestamp: '2025-11-25 12:09:57'
}
{
  message: 'POST /api/classes/ 400 - 31ms',
  level: 'info',
  timestamp: '2025-11-25 12:12:00'
}
{
  message: 'POST /api/classes/ 400 - 24ms',
  level: 'info',
  timestamp: '2025-11-25 12:34:54'
}
{
  message: 'POST /api/classes/ 400 - 26ms',
  level: 'info',
  timestamp: '2025-11-25 12:35:26'
}
{
  message: 'POST /api/classes/ 400 - 36ms',
  level: 'info',
  timestamp: '2025-11-25 12:35:38'
}
{
  message: 'POST /api/classes/ 400 - 31ms',
  level: 'info',
  timestamp: '2025-11-25 12:36:17'
}
{
  message: 'POST /api/classes/ 400 - 33ms',
  level: 'info',
  timestamp: '2025-11-25 12:38:36'
}
{
  message: 'POST /api/classes/ 400 - 26ms',
  level: 'info',
  timestamp: '2025-11-25 12:46:44'
}
{
  message: 'POST /api/classes/ 400 - 12ms',
  level: 'info',
  timestamp: '2025-11-25 12:50:56'
}
{
  message: 'POST /api/classes/ 400 - 6ms',
  level: 'info',
  timestamp: '2025-11-25 12:50:57'
}
{
  message: 'POST /api/classes/ 400 - 8ms',
  level: 'info',
  timestamp: '2025-11-25 12:50:57'
}
{
  message: 'POST /api/classes/ 400 - 10ms',
  level: 'info',
  timestamp: '2025-11-25 12:50:57'
}
{
  message: 'POST /api/classes/ 400 - 9ms',
  level: 'info',
  timestamp: '2025-11-25 12:50:58'
}
{
  message: 'POST /api/classes/ 400 - 7ms',
  level: 'info',
  timestamp: '2025-11-25 12:50:58'
}
{
  message: 'POST /api/classes/ 400 - 7ms',
  level: 'info',
  timestamp: '2025-11-25 12:50:58'
}
{
  message: 'POST /api/classes/ 400 - 8ms',
  level: 'info',
  timestamp: '2025-11-25 12:50:58'
}
{
  message: 'POST /api/classes/ 400 - 7ms',
  level: 'info',
  timestamp: '2025-11-25 12:50:58'
}
{
  message: 'POST /api/classes/ 400 - 8ms',
  level: 'info',
  timestamp: '2025-11-25 12:50:58'
}
{
  message: 'POST /api/classes/ 400 - 11ms',
  level: 'info',
  timestamp: '2025-11-25 12:50:59'
}
{
  message: 'POST /api/classes/ 400 - 6ms',
  level: 'info',
  timestamp: '2025-11-25 12:50:59'
}
{
  message: 'POST /api/classes/ 400 - 9ms',
  level: 'info',
  timestamp: '2025-11-25 12:50:59'
}
{
  message: 'POST /api/classes/ 400 - 9ms',
  level: 'info',
  timestamp: '2025-11-25 12:50:59'
}
{
  message: 'POST /api/classes/ 400 - 11ms',
  level: 'info',
  timestamp: '2025-11-25 12:50:59'
}
{
  message: 'POST /api/classes/ 400 - 24ms',
  level: 'info',
  timestamp: '2025-11-25 12:51:48'
}
{
  message: 'POST /api/classes/ 400 - 17ms',
  level: 'info',
  timestamp: '2025-11-25 12:53:49'
}
{
  message: 'POST /api/classes/ 400 - 18ms',
  level: 'info',
  timestamp: '2025-11-25 18:56:33'
}
{
  message: 'POST /api/classes/ 400 - 36ms',
  level: 'info',
  timestamp: '2025-11-25 18:57:57'
}
{
  message: 'POST /api/classes/ 400 - 41ms',
  level: 'info',
  timestamp: '2025-11-25 18:58:22'
}
{
  message: 'POST /api/classes/ 400 - 19ms',
  level: 'info',
  timestamp: '2025-11-25 18:58:38'
}
{
  message: 'POST /api/classes/ 201 - 29ms',
  level: 'info',
  timestamp: '2025-11-25 19:00:48'
}
{
  message: 'GET /api/classes/ 400 - 92ms',
  level: 'info',
  timestamp: '2025-11-25 19:02:12'
}
{
  message: 'GET /api/classes/ 400 - 19ms',
  level: 'info',
  timestamp: '2025-11-25 19:02:57'
}
{
  message: 'GET /api/classes/ 200 - 19ms',
  level: 'info',
  timestamp: '2025-11-25 19:04:23'
}
{
  message: 'GET /api/classes/?page=1&limit=5 200 - 12ms',
  level: 'info',
  timestamp: '2025-11-25 19:04:56'
}
{
  message: 'GET /api/classes/691520ef372bfc9e71fc6cd9 200 - 8ms',
  level: 'info',
  timestamp: '2025-11-25 19:05:10'
}
{
  message: 'PATCH /api/classes/691520ef372bfc9e71fc6cd9 400 - 18ms',
  level: 'info',
  timestamp: '2025-11-25 19:05:21'
}
{
  message: 'PATCH /api/classes/691520ef372bfc9e71fc6cd9 201 - 56ms',
  level: 'info',
  timestamp: '2025-11-25 19:05:34'
}
{
  message: 'DELETE /api/classes/691520ef372bfc9e71fc6cd9 200 - 78ms',
  level: 'info',
  timestamp: '2025-11-25 19:06:49'
}
